[19796:13180:1124/170756.084:INFO:components\enterprise\browser\controller\chrome_browser_cloud_management_controller.cc:206] No machine level policy manager exists.
[19796:13180:1124/170758.097:INFO:CONSOLE:39] "Connecting to 'wss://p47r3qkl5raepa5flsczs7khqq.appsync-realtime-api.eu-west-1.amazonaws.com/graphql?header=eyJob3N0IjoicDQ3cjNxa2w1cmFlcGE1ZmxzY3pzN2tocXEuYXBwc3luYy1hcGkuZXUtd2VzdC0xLmFtYXpvbmF3cy5jb20iLCJ4LWFwaS1rZXkiOiJkYTItYWFhbXp1NnRxbmV5M2tobHh1MjZvenJiMnEiLCJ4LWFtei1kYXRlIjoiMjAyNTExMjRUMTEzNzU4MDkyWiJ9&payload=e30=' violates the following Content Security Policy directive: "default-src 'self' blob: https: data: mediastream: 'unsafe-eval' 'unsafe-inline'". Note that 'connect-src' was not explicitly set, so 'default-src' is used as a fallback. The policy is report-only, so the violation has been logged but no further action has been taken.", source: https://m.media-amazon.com/images/S/sash/VHt1uzr8LN6F6-U.js?name=vendors (39)
[19796:13180:1124/170758.305:INFO:CONSOLE:2] "Amazon IVS Player SDK 1.19.0", source: https://player.live-video.net/1.19.0/amazon-ivs-wasmworker.min.js (2)
[19796:13180:1124/170759.243:INFO:CONSOLE:1] "Request build time = 0, fetch time = 1149", source: https://m.media-amazon.com/images/S/sash/RiLxxZvozx6Epfb.js?name=app (1)
[19796:13180:1124/170759.255:INFO:CONSOLE:1] "Request build time = 0, fetch time = 1162", source: https://m.media-amazon.com/images/S/sash/RiLxxZvozx6Epfb.js?name=app (1)
[19204:16788:1124/170759.987:WARNING:net\spdy\spdy_session.cc:3071] Received HEADERS for invalid stream 35
[19204:16788:1124/170759.987:WARNING:net\spdy\spdy_session.cc:3071] Received HEADERS for invalid stream 39
[19204:16788:1124/170759.987:WARNING:net\spdy\spdy_session.cc:3071] Received HEADERS for invalid stream 37
[19204:16788:1124/170759.987:WARNING:net\spdy\spdy_session.cc:3071] Received HEADERS for invalid stream 41
[19204:16788:1124/170759.987:WARNING:net\spdy\spdy_session.cc:3071] Received HEADERS for invalid stream 43
[19204:16788:1124/170759.987:WARNING:net\spdy\spdy_session.cc:3071] Received HEADERS for invalid stream 45
[19204:16788:1124/170759.987:WARNING:net\spdy\spdy_session.cc:3071] Received HEADERS for invalid stream 47
[19204:16788:1124/170800.078:WARNING:net\spdy\spdy_session.cc:3071] Received HEADERS for invalid stream 51
[19204:16788:1124/170800.078:WARNING:net\spdy\spdy_session.cc:3071] Received HEADERS for invalid stream 49
[19796:13180:1124/170801.400:INFO:CONSOLE:11] "PerformanceTracker: Timer for asinImageRender already exists.", source: https://m.media-amazon.com/images/I/A1BcQyU6r+L.js (11)
[19796:13180:1124/170805.142:INFO:CONSOLE:0] "The resource https://images-eu.ssl-images-amazon.com/images/S/apesafeframe/ape/sf/desktop/sf-1.50.8ad8524e.js was preloaded using link preload but not used within a few seconds from the window's load event. Please make sure it has an appropriate `as` value and it is preloaded intentionally.", source: https://www.amazon.in/s?k=iQOO+Neo+10R&crid=39ERX478GW1S6&sprefix=iqoo+neo+10r%2Caps%2C295&ref=nb_sb_noss_1 (0)
[19796:13180:1124/170805.142:INFO:CONSOLE:0] "The resource https://images-eu.ssl-images-amazon.com/images/S/apesafeframe/ape/sf/desktop/sf-1.50.5bd3d4fe.html was preloaded using link preload but not used within a few seconds from the window's load event. Please make sure it has an appropriate `as` value and it is preloaded intentionally.", source: https://www.amazon.in/s?k=iQOO+Neo+10R&crid=39ERX478GW1S6&sprefix=iqoo+neo+10r%2Caps%2C295&ref=nb_sb_noss_1 (0)
[19796:13180:1124/170805.995:INFO:CONSOLE:592] "Unable to determine state status TypeError: Cannot read properties of undefined (reading 'nodeName')", source: https://m.media-amazon.com/images/I/316nVZ1c+gL._RC%7C31SdJaj48BL.js,01Jkr5-mpfL.js,01uBtEguMuL.js,318rs4piGPL.js,01TQyo0bnIL.js,31C2j0pxBBL.js,410bafak3bL.js,01jEqq6I0UL.js,61KheQZV5vL.js,61sM0h9jL2L.js,21rKj0pl6mL.js,01cOcwrw2+L.js,31pWQBuasIL.js,016G7uDqQML.js,51AAs-hgsBL.js,11p0nLfNCcL.js,01s9HEfbt3L.js,11CGomdzAuL.js,015TRQC5i+L.js,0120VCfYOtL.js,31W00ATcoML.js,4165qVxoLeL.js,51SSMvLbyWL.js,51uWJbibn1L.js,31vI2qZfDdL.js,31mAYKjJfpL.js,11LSI8IU0NL.js,11K5qCK19CL.js,21z+gIgZKSL.js,614zRJLt7NL.js,21qiuroXVsL.js,11RA63NYs0L.js,017PpEJgdTL.js,01Z3OBC-FbL.js,01HL89Rw1gL.js,21uyGp88snL.js,21m+1oRN24L.js_.js?AUIClients/ (592)
[19796:13180:1124/170806.223:INFO:CONSOLE:118] "VIDEOJS: WARN: Using hls options is deprecated. Use vhs instead.", source: https://images-na.ssl-images-amazon.com/images/I/21fOfDNeAIL._RC%7C01x4giTy+uL.js,01r9LpT6pbL.js,418eUsUsHiL.js,11QfrzttlqL.js,91VXiFQ1TCL.js,01ELLYeIOkL.js_.js?AUIClients/Brila (118)
[19796:13180:1124/170806.445:INFO:CONSOLE:118] "VIDEOJS: WARN: Using hls options is deprecated. Use vhs instead.", source: https://images-na.ssl-images-amazon.com/images/I/21fOfDNeAIL._RC%7C01x4giTy+uL.js,01r9LpT6pbL.js,418eUsUsHiL.js,11QfrzttlqL.js,91VXiFQ1TCL.js,01ELLYeIOkL.js_.js?AUIClients/Brila (118)
[19796:13180:1124/170807.308:INFO:CONSOLE:592] "Unable to determine state status TypeError: Cannot read properties of undefined (reading 'nodeName')", source: https://m.media-amazon.com/images/I/316nVZ1c+gL._RC%7C31SdJaj48BL.js,01Jkr5-mpfL.js,01uBtEguMuL.js,318rs4piGPL.js,01TQyo0bnIL.js,31C2j0pxBBL.js,410bafak3bL.js,01jEqq6I0UL.js,61KheQZV5vL.js,61sM0h9jL2L.js,21rKj0pl6mL.js,01cOcwrw2+L.js,31pWQBuasIL.js,016G7uDqQML.js,51AAs-hgsBL.js,11p0nLfNCcL.js,01s9HEfbt3L.js,11CGomdzAuL.js,015TRQC5i+L.js,0120VCfYOtL.js,31W00ATcoML.js,4165qVxoLeL.js,51SSMvLbyWL.js,51uWJbibn1L.js,31vI2qZfDdL.js,31mAYKjJfpL.js,11LSI8IU0NL.js,11K5qCK19CL.js,21z+gIgZKSL.js,614zRJLt7NL.js,21qiuroXVsL.js,11RA63NYs0L.js,017PpEJgdTL.js,01Z3OBC-FbL.js,01HL89Rw1gL.js,21uyGp88snL.js,21m+1oRN24L.js_.js?AUIClients/ (592)
[19204:16788:1124/170807.786:WARNING:net\spdy\spdy_session.cc:3071] Received HEADERS for invalid stream 143
[19204:16788:1124/170807.789:WARNING:net\spdy\spdy_session.cc:3071] Received HEADERS for invalid stream 145
[19204:3620:1124/170807.833:WARNING:net\extras\sqlite\sqlite_persistent_store_backend_base.cc:176] Failed to post task from FlushAndNotifyInBackground@net\extras\sqlite\sqlite_persistent_store_backend_base.cc:226 to client_task_runner_.
[19204:3620:1124/170807.833:WARNING:net\extras\sqlite\sqlite_persistent_store_backend_base.cc:176] Failed to post task from FlushAndNotifyInBackground@net\extras\sqlite\sqlite_persistent_store_backend_base.cc:226 to client_task_runner_.
